System type: UV2000
System name: UV2000
Serial number: UV2-00000510
Partition number: 0
       4 Blades
      64 CPUs (online: 0-63)
       8 Nodes
  978.01 GB Memory Total
  124.00 GB Max Memory on any Node
       1 BASE I/O Riser
       1 PCIe Slot
       3 Network Controllers
       1 Storage Controller
       2 USB Controllers
       1 VGA GPU

Index       ID        NASID CPUS     Memory
---------------------------------------------
    0 r001i01b00h0      0    8     126933 MB
    1 r001i01b00h1      2    8     126960 MB
    2 r001i01b01h0      4    8     126960 MB
    3 r001i01b01h1      6    8     126960 MB
    4 r001i01b02h0      8    8     126960 MB
    5 r001i01b02h1     10    8     126960 MB
    6 r001i01b03h0     12    8     126960 MB
    7 r001i01b03h1     14    8     126960 MB

CPU     Location PhysID CoreID APIC-ID Family Model Speed L1(KiB) L2(KiB) L3(KiB)
---------------------------------------------------------------------------------
  0 r001i01b00h0     00     00       0      6    62  3299 32d/32i     256   16384
  1 r001i01b00h0     00     01       2      6    62  3299 32d/32i     256   16384
  2 r001i01b00h0     00     02       4      6    62  3299 32d/32i     256   16384
  3 r001i01b00h0     00     03       6      6    62  3299 32d/32i     256   16384
  4 r001i01b00h0     00     04       8      6    62  3299 32d/32i     256   16384
  5 r001i01b00h0     00     05      10      6    62  3299 32d/32i     256   16384
  6 r001i01b00h0     00     06      12      6    62  3299 32d/32i     256   16384
  7 r001i01b00h0     00     07      14      6    62  3299 32d/32i     256   16384
  8 r001i01b00h1     01     00      32      6    62  3299 32d/32i     256   16384
  9 r001i01b00h1     01     01      34      6    62  3299 32d/32i     256   16384
 10 r001i01b00h1     01     02      36      6    62  3299 32d/32i     256   16384
 11 r001i01b00h1     01     03      38      6    62  3299 32d/32i     256   16384
 12 r001i01b00h1     01     04      40      6    62  3299 32d/32i     256   16384
 13 r001i01b00h1     01     05      42      6    62  3299 32d/32i     256   16384
 14 r001i01b00h1     01     06      44      6    62  3299 32d/32i     256   16384
 15 r001i01b00h1     01     07      46      6    62  3299 32d/32i     256   16384
 16 r001i01b01h0     02     00      64      6    62  3299 32d/32i     256   16384
 17 r001i01b01h0     02     01      66      6    62  3299 32d/32i     256   16384
 18 r001i01b01h0     02     02      68      6    62  3299 32d/32i     256   16384
 19 r001i01b01h0     02     03      70      6    62  3299 32d/32i     256   16384
 20 r001i01b01h0     02     04      72      6    62  3299 32d/32i     256   16384
 21 r001i01b01h0     02     05      74      6    62  3299 32d/32i     256   16384
 22 r001i01b01h0     02     06      76      6    62  3299 32d/32i     256   16384
 23 r001i01b01h0     02     07      78      6    62  3299 32d/32i     256   16384
 24 r001i01b01h1     03     00      96      6    62  3299 32d/32i     256   16384
 25 r001i01b01h1     03     01      98      6    62  3299 32d/32i     256   16384
 26 r001i01b01h1     03     02     100      6    62  3299 32d/32i     256   16384
 27 r001i01b01h1     03     03     102      6    62  3299 32d/32i     256   16384
 28 r001i01b01h1     03     04     104      6    62  3299 32d/32i     256   16384
 29 r001i01b01h1     03     05     106      6    62  3299 32d/32i     256   16384
 30 r001i01b01h1     03     06     108      6    62  3299 32d/32i     256   16384
 31 r001i01b01h1     03     07     110      6    62  3299 32d/32i     256   16384
 32 r001i01b02h0     04     00     128      6    62  3299 32d/32i     256   16384
 33 r001i01b02h0     04     01     130      6    62  3299 32d/32i     256   16384
 34 r001i01b02h0     04     02     132      6    62  3299 32d/32i     256   16384
 35 r001i01b02h0     04     03     134      6    62  3299 32d/32i     256   16384
 36 r001i01b02h0     04     04     136      6    62  3299 32d/32i     256   16384
 37 r001i01b02h0     04     05     138      6    62  3299 32d/32i     256   16384
 38 r001i01b02h0     04     06     140      6    62  3299 32d/32i     256   16384
 39 r001i01b02h0     04     07     142      6    62  3299 32d/32i     256   16384
 40 r001i01b02h1     05     00     160      6    62  3299 32d/32i     256   16384
 41 r001i01b02h1     05     01     162      6    62  3299 32d/32i     256   16384
 42 r001i01b02h1     05     02     164      6    62  3299 32d/32i     256   16384
 43 r001i01b02h1     05     03     166      6    62  3299 32d/32i     256   16384
 44 r001i01b02h1     05     04     168      6    62  3299 32d/32i     256   16384
 45 r001i01b02h1     05     05     170      6    62  3299 32d/32i     256   16384
 46 r001i01b02h1     05     06     172      6    62  3299 32d/32i     256   16384
 47 r001i01b02h1     05     07     174      6    62  3299 32d/32i     256   16384
 48 r001i01b03h0     06     00     192      6    62  3299 32d/32i     256   16384
 49 r001i01b03h0     06     01     194      6    62  3299 32d/32i     256   16384
 50 r001i01b03h0     06     02     196      6    62  3299 32d/32i     256   16384
 51 r001i01b03h0     06     03     198      6    62  3299 32d/32i     256   16384
 52 r001i01b03h0     06     04     200      6    62  3299 32d/32i     256   16384
 53 r001i01b03h0     06     05     202      6    62  3299 32d/32i     256   16384
 54 r001i01b03h0     06     06     204      6    62  3299 32d/32i     256   16384
 55 r001i01b03h0     06     07     206      6    62  3299 32d/32i     256   16384
 56 r001i01b03h1     07     00     224      6    62  3299 32d/32i     256   16384
 57 r001i01b03h1     07     01     226      6    62  3299 32d/32i     256   16384
 58 r001i01b03h1     07     02     228      6    62  3299 32d/32i     256   16384
 59 r001i01b03h1     07     03     230      6    62  3299 32d/32i     256   16384
 60 r001i01b03h1     07     04     232      6    62  3299 32d/32i     256   16384
 61 r001i01b03h1     07     05     234      6    62  3299 32d/32i     256   16384
 62 r001i01b03h1     07     06     236      6    62  3299 32d/32i     256   16384
 63 r001i01b03h1     07     07     238      6    62  3299 32d/32i     256   16384

Index   Location    NASID  PCI Address       Device
--------------------------------------------------------
    0 r001i01b00h0      0  0000:00:1f.2   Intel SCSI Corporation C600/X79 series chipset 6-Port SATA AHCI Controller (rev 06)
    .            .      .  0000:01:00.0   Intel I350 Gigabit Network Connection
    .            .      .  0000:01:00.1   Intel I350 Gigabit Network Connection
    .            .      .  0000:08:00.0   Matrox G200eR2
    3 r001i01b01h1      6  0001:02:00.0   Intel 82572EI Gigabit Ethernet Controller

